mode: set
github.com/itzYubi/bookings/cmd/web/middleware.go:9.45,21.2 3 1
github.com/itzYubi/bookings/cmd/web/middleware.go:23.50,25.2 1 1
github.com/itzYubi/bookings/cmd/web/routes.go:13.49,39.2 18 1
github.com/itzYubi/bookings/cmd/web/main.go:24.13,27.16 2 0
github.com/itzYubi/bookings/cmd/web/main.go:31.2,39.16 4 0
github.com/itzYubi/bookings/cmd/web/main.go:27.16,29.3 1 0
github.com/itzYubi/bookings/cmd/web/main.go:39.16,41.3 1 0
github.com/itzYubi/bookings/cmd/web/main.go:44.18,59.16 10 1
github.com/itzYubi/bookings/cmd/web/main.go:64.2,72.12 6 1
github.com/itzYubi/bookings/cmd/web/main.go:59.16,62.3 2 0
