mode: set
github.com/itzYubi/bookings/internal/handlers/handlers.go:33.62,38.2 1 0
github.com/itzYubi/bookings/internal/handlers/handlers.go:41.51,46.2 1 1
github.com/itzYubi/bookings/internal/handlers/handlers.go:49.33,51.2 1 1
github.com/itzYubi/bookings/internal/handlers/handlers.go:54.67,56.2 1 1
github.com/itzYubi/bookings/internal/handlers/handlers.go:59.68,62.2 1 1
github.com/itzYubi/bookings/internal/handlers/handlers.go:64.74,66.9 2 1
github.com/itzYubi/bookings/internal/handlers/handlers.go:71.2,72.16 2 1
github.com/itzYubi/bookings/internal/handlers/handlers.go:77.2,98.4 13 1
github.com/itzYubi/bookings/internal/handlers/handlers.go:66.9,69.3 2 1
github.com/itzYubi/bookings/internal/handlers/handlers.go:72.16,75.3 2 1
github.com/itzYubi/bookings/internal/handlers/handlers.go:102.78,104.9 2 1
github.com/itzYubi/bookings/internal/handlers/handlers.go:109.2,110.16 2 1
github.com/itzYubi/bookings/internal/handlers/handlers.go:115.2,126.21 9 1
github.com/itzYubi/bookings/internal/handlers/handlers.go:137.2,138.16 2 1
github.com/itzYubi/bookings/internal/handlers/handlers.go:143.2,153.16 3 1
github.com/itzYubi/bookings/internal/handlers/handlers.go:158.2,160.66 2 1
github.com/itzYubi/bookings/internal/handlers/handlers.go:104.9,107.3 2 1
github.com/itzYubi/bookings/internal/handlers/handlers.go:110.16,113.3 2 1
github.com/itzYubi/bookings/internal/handlers/handlers.go:126.21,135.3 4 1
github.com/itzYubi/bookings/internal/handlers/handlers.go:138.16,141.3 2 0
github.com/itzYubi/bookings/internal/handlers/handlers.go:153.16,156.3 2 0
github.com/itzYubi/bookings/internal/handlers/handlers.go:163.72,165.2 1 1
github.com/itzYubi/bookings/internal/handlers/handlers.go:167.71,169.2 1 1
github.com/itzYubi/bookings/internal/handlers/handlers.go:171.81,173.2 1 1
github.com/itzYubi/bookings/internal/handlers/handlers.go:176.85,182.16 5 0
github.com/itzYubi/bookings/internal/handlers/handlers.go:186.2,187.16 2 0
github.com/itzYubi/bookings/internal/handlers/handlers.go:192.2,193.16 2 0
github.com/itzYubi/bookings/internal/handlers/handlers.go:198.2,198.29 1 0
github.com/itzYubi/bookings/internal/handlers/handlers.go:202.2,202.21 1 0
github.com/itzYubi/bookings/internal/handlers/handlers.go:207.2,219.4 5 0
github.com/itzYubi/bookings/internal/handlers/handlers.go:182.16,185.3 2 0
github.com/itzYubi/bookings/internal/handlers/handlers.go:187.16,190.3 2 0
github.com/itzYubi/bookings/internal/handlers/handlers.go:193.16,196.3 2 0
github.com/itzYubi/bookings/internal/handlers/handlers.go:198.29,200.3 1 0
github.com/itzYubi/bookings/internal/handlers/handlers.go:202.21,206.3 3 0
github.com/itzYubi/bookings/internal/handlers/handlers.go:231.79,238.16 5 0
github.com/itzYubi/bookings/internal/handlers/handlers.go:242.2,243.16 2 0
github.com/itzYubi/bookings/internal/handlers/handlers.go:248.2,249.16 2 0
github.com/itzYubi/bookings/internal/handlers/handlers.go:253.2,254.16 2 0
github.com/itzYubi/bookings/internal/handlers/handlers.go:259.2,268.16 3 0
github.com/itzYubi/bookings/internal/handlers/handlers.go:273.2,276.14 3 0
github.com/itzYubi/bookings/internal/handlers/handlers.go:238.16,241.3 2 0
github.com/itzYubi/bookings/internal/handlers/handlers.go:243.16,246.3 2 0
github.com/itzYubi/bookings/internal/handlers/handlers.go:249.16,252.3 2 0
github.com/itzYubi/bookings/internal/handlers/handlers.go:254.16,257.3 2 0
github.com/itzYubi/bookings/internal/handlers/handlers.go:268.16,271.3 2 0
github.com/itzYubi/bookings/internal/handlers/handlers.go:280.70,282.2 1 1
github.com/itzYubi/bookings/internal/handlers/handlers.go:285.81,287.9 2 0
github.com/itzYubi/bookings/internal/handlers/handlers.go:294.2,308.4 9 0
github.com/itzYubi/bookings/internal/handlers/handlers.go:287.9,292.3 4 0
github.com/itzYubi/bookings/internal/handlers/handlers.go:312.73,314.16 2 0
github.com/itzYubi/bookings/internal/handlers/handlers.go:319.2,320.9 2 0
github.com/itzYubi/bookings/internal/handlers/handlers.go:325.2,329.63 3 0
github.com/itzYubi/bookings/internal/handlers/handlers.go:314.16,317.3 2 0
github.com/itzYubi/bookings/internal/handlers/handlers.go:320.9,323.3 2 0
github.com/itzYubi/bookings/internal/handlers/handlers.go:333.71,343.16 8 0
github.com/itzYubi/bookings/internal/handlers/handlers.go:347.2,348.16 2 0
github.com/itzYubi/bookings/internal/handlers/handlers.go:353.2,354.16 2 0
github.com/itzYubi/bookings/internal/handlers/handlers.go:358.2,364.63 5 0
github.com/itzYubi/bookings/internal/handlers/handlers.go:343.16,346.3 2 0
github.com/itzYubi/bookings/internal/handlers/handlers.go:348.16,351.3 2 0
github.com/itzYubi/bookings/internal/handlers/handlers.go:354.16,357.3 2 0
